Start testing: Feb 11 11:37 EST
----------------------------------------------------------
1/1 Testing: test_two_reg
1/1 Test: test_two_reg
Command: "/workspace/research/ILA/autoGenILA/src/func_extract/func_extract" "/workspace/research/ILA/autoGenILA/src/func_extract/test/two_reg/two_reg_yosys.v.clean" "/workspace/research/ILA/autoGenILA/src/func_extract/test/two_reg/two_reg_as.txt"
Directory: /workspace/research/ILA/autoGenILA/src/func_extract
"test_two_reg" start time: Feb 11 11:37 EST
Output:
----------------------------------------------------------
Begin main!
insert failed in input case:  reg sign;
m.str(2):
m.str(3):sign
Error in matching single line expression:       sign <= _02_;
Error in matching single line expression:       enable <= _00_;
Error in matching single line expression:       out <= _01_;
Begin check: enable
Error in add_nb_constraint: 
Begin check: out
Error in add_nb_constraint: 
Begin check: sign
Error in add_nb_constraint: 
<end of output>
Test time =   0.13 sec
----------------------------------------------------------
Test Passed.
"test_two_reg" end time: Feb 11 11:37 EST
"test_two_reg" time elapsed: 00:00:00
----------------------------------------------------------

End testing: Feb 11 11:37 EST
